<?xml version="1.0" encoding="UTF-8"?>
<!-- Generated by org.testng.reporters.JUnitReportReporter -->
<testsuite hostname="HD-Desktop" failures="0" tests="3" name="testscripts.MiniBookStoreTest" time="30.957" errors="0" timestamp="2025-05-12T16:34:54 AEST" skipped="0">
  <testcase classname="testscripts.MiniBookStoreTest" name="searchInvalidBook" time="10.063"/>
  <testcase classname="testscripts.MiniBookStoreTest" name="searchSpecificBookTest" time="11.130"/>
  <testcase classname="testscripts.MiniBookStoreTest" name="searchAnyBookTest" time="9.764"/>
</testsuite> <!-- testscripts.MiniBookStoreTest -->
